<?xml version="1.0" encoding="UTF-8"?>
<!-- Generated by org.testng.reporters.JUnitXMLReporter -->
<testsuite ignored="1" hostname="DESKTOP-IKN8HMI" failures="0" tests="1" name="Default test" time="3.433" errors="0" timestamp="2023-06-05T23:58:29 PDT">
  <testcase classname="testCases.LoginTest" name="verifyInValidLogin" time="0.425"/>
  <testcase classname="testCases.LoginTest" name="verifyValidLogin" time="0.0">
    <ignored/>
  </testcase> <!-- verifyValidLogin -->
</testsuite> <!-- Default test -->
