<?xml version="1.0" encoding="UTF-8"?>
<testng-results ignored="0" total="1" passed="1" failed="0" skipped="0">
  <reporter-output>
  </reporter-output>
  <suite started-at="2023-05-31T10:51:04 PDT" name="Default suite" finished-at="2023-05-31T10:51:07 PDT" duration-ms="2936">
    <groups>
    </groups>
    <test started-at="2023-05-31T10:51:04 PDT" name="Default test" finished-at="2023-05-31T10:51:07 PDT" duration-ms="2936">
      <class name="LoginTest">
        <test-method signature="login()[pri:0, instance:LoginTest@e056f20]" started-at="2023-05-31T10:51:04 PDT" name="login" finished-at="2023-05-31T10:51:07 PDT" duration-ms="2889" status="PASS">
          <reporter-output>
          </reporter-output>
        </test-method> <!-- login -->
      </class> <!-- LoginTest -->
    </test> <!-- Default test -->
  </suite> <!-- Default suite -->
</testng-results>
