<?xml version="1.0" encoding="UTF-8"?>
<testng-results ignored="1" total="2" passed="1" failed="0" skipped="0">
  <reporter-output>
  </reporter-output>
  <suite started-at="2023-06-05T23:58:26 PDT" name="Default suite" finished-at="2023-06-05T23:58:29 PDT" duration-ms="3433">
    <groups>
    </groups>
    <test started-at="2023-06-05T23:58:26 PDT" name="Default test" finished-at="2023-06-05T23:58:29 PDT" duration-ms="3433">
      <class name="testCases.LoginTest">
        <test-method is-config="true" signature="init()[pri:0, instance:testCases.LoginTest@1dde4cb2]" started-at="2023-06-05T23:58:26 PDT" name="init" finished-at="2023-06-05T23:58:28 PDT" duration-ms="2726" status="PASS">
          <reporter-output>
          </reporter-output>
        </test-method> <!-- init -->
        <test-method signature="verifyInValidLogin()[pri:0, instance:testCases.LoginTest@1dde4cb2]" started-at="2023-06-05T23:58:28 PDT" name="verifyInValidLogin" finished-at="2023-06-05T23:58:29 PDT" duration-ms="425" status="PASS">
          <reporter-output>
          </reporter-output>
        </test-method> <!-- verifyInValidLogin -->
        <test-method is-config="true" signature="teardown()[pri:0, instance:testCases.LoginTest@1dde4cb2]" started-at="2023-06-05T23:58:29 PDT" name="teardown" finished-at="2023-06-05T23:58:29 PDT" duration-ms="253" status="PASS">
          <reporter-output>
          </reporter-output>
        </test-method> <!-- teardown -->
      </class> <!-- testCases.LoginTest -->
    </test> <!-- Default test -->
  </suite> <!-- Default suite -->
</testng-results>
