<?xml version="1.0" encoding="UTF-8"?>
<!-- Generated by org.testng.reporters.JUnitXMLReporter -->
<testsuite ignored="0" hostname="DESKTOP-7EUDCAL" failures="0" tests="3" name="Test" time="12.139" errors="0" timestamp="2023-05-30T21:49:48 GMT-04:00">
  <testcase classname="ParallelExecution.ParallelTest" name="loginWithChrome" time="6.815"/>
  <testcase classname="ParallelExecution.ParallelTest" name="loginWithEdge" time="7.753"/>
  <testcase classname="ParallelExecution.ParallelTest" name="loginWithFirefox" time="12.083"/>
</testsuite> <!-- Test -->
