<?xml version="1.0" encoding="UTF-8"?>
<testng-results ignored="0" total="5" passed="4" failed="1" skipped="0">
  <reporter-output>
  </reporter-output>
  <suite started-at="2023-06-01T22:05:25 GMT-04:00" name="Surefire suite" finished-at="2023-06-01T22:05:50 GMT-04:00" duration-ms="25292">
    <groups>
    </groups>
    <test started-at="2023-06-01T22:05:25 GMT-04:00" name="Surefire test" finished-at="2023-06-01T22:05:50 GMT-04:00" duration-ms="25292">
      <class name="testCases.AddTocartTest">
        <test-method is-config="true" signature="init()[pri:0, instance:testCases.AddTocartTest@6107227e]" started-at="2023-06-01T22:05:25 GMT-04:00" name="init" finished-at="2023-06-01T22:05:29 GMT-04:00" duration-ms="4192" status="PASS">
          <reporter-output>
          </reporter-output>
        </test-method> <!-- init -->
        <test-method signature="verifyRemoveButton()[pri:0, instance:testCases.AddTocartTest@6107227e]" started-at="2023-06-01T22:05:29 GMT-04:00" name="verifyRemoveButton" finished-at="2023-06-01T22:05:32 GMT-04:00" duration-ms="2549" status="PASS">
          <reporter-output>
          </reporter-output>
        </test-method> <!-- verifyRemoveButton -->
        <test-method is-config="true" signature="teardown()[pri:0, instance:testCases.AddTocartTest@6107227e]" started-at="2023-06-01T22:05:32 GMT-04:00" name="teardown" finished-at="2023-06-01T22:05:34 GMT-04:00" duration-ms="2548" status="PASS">
          <reporter-output>
          </reporter-output>
        </test-method> <!-- teardown -->
        <test-method is-config="true" signature="init()[pri:0, instance:testCases.AddTocartTest@6107227e]" started-at="2023-06-01T22:05:34 GMT-04:00" name="init" finished-at="2023-06-01T22:05:37 GMT-04:00" duration-ms="2554" status="PASS">
          <reporter-output>
          </reporter-output>
        </test-method> <!-- init -->
        <test-method signature="verifyaddtocart()[pri:0, instance:testCases.AddTocartTest@6107227e]" started-at="2023-06-01T22:05:37 GMT-04:00" name="verifyaddtocart" finished-at="2023-06-01T22:05:37 GMT-04:00" duration-ms="27" status="FAIL">
          <exception class="org.openqa.selenium.NoSuchSessionException">
            <message>
              <![CDATA[Session ID is null. Using WebDriver after calling quit()?
Build info: version: '4.9.1', revision: 'eb2032df7f'
System info: os.name: 'Windows 10', os.arch: 'amd64', os.version: '10.0', java.version: '18.0.2.1'
Driver info: org.openqa.selenium.chrome.ChromeDriver
Command: [null, findElement {using=xpath, value=//button[@id='add-to-cart-sauce-labs-backpack']}]
Capabilities {acceptInsecureCerts: false, browserName: chrome, browserVersion: 113.0.5672.127, chrome: {chromedriverVersion: 113.0.5672.63 (0e1a4471d5ae..., userDataDir: C:\Program Files (x86)\scop...}, goog:chromeOptions: {debuggerAddress: localhost:54680}, networkConnectionEnabled: false, pageLoadStrategy: normal, platformName: windows, proxy: Proxy(), se:cdp: ws://localhost:54680/devtoo..., se:cdpVersion: 113.0.5672.127, setWindowRect: true, strictFileInteractability: false, timeouts: {implicit: 0, pageLoad: 300000, script: 30000}, unhandledPromptBehavior: dismiss and notify, webauthn:extension:credBlob: true, webauthn:extension:largeBlob: true, webauthn:extension:minPinLength: true, webauthn:extension:prf: true, webauthn:virtualAuthenticators: true}]]>
            </message>
            <full-stacktrace>
              <![CDATA[org.openqa.selenium.NoSuchSessionException: Session ID is null. Using WebDriver after calling quit()?
Build info: version: '4.9.1', revision: 'eb2032df7f'
System info: os.name: 'Windows 10', os.arch: 'amd64', os.version: '10.0', java.version: '18.0.2.1'
Driver info: org.openqa.selenium.chrome.ChromeDriver
Command: [null, findElement {using=xpath, value=//button[@id='add-to-cart-sauce-labs-backpack']}]
Capabilities {acceptInsecureCerts: false, browserName: chrome, browserVersion: 113.0.5672.127, chrome: {chromedriverVersion: 113.0.5672.63 (0e1a4471d5ae..., userDataDir: C:\Program Files (x86)\scop...}, goog:chromeOptions: {debuggerAddress: localhost:54680}, networkConnectionEnabled: false, pageLoadStrategy: normal, platformName: windows, proxy: Proxy(), se:cdp: ws://localhost:54680/devtoo..., se:cdpVersion: 113.0.5672.127, setWindowRect: true, strictFileInteractability: false, timeouts: {implicit: 0, pageLoad: 300000, script: 30000}, unhandledPromptBehavior: dismiss and notify, webauthn:extension:credBlob: true, webauthn:extension:largeBlob: true, webauthn:extension:minPinLength: true, webauthn:extension:prf: true, webauthn:virtualAuthenticators: true}
at org.openqa.selenium.remote.HttpCommandExecutor.execute(HttpCommandExecutor.java:154)
at org.openqa.selenium.remote.service.DriverCommandExecutor.invokeExecute(DriverCommandExecutor.java:183)
at org.openqa.selenium.remote.service.DriverCommandExecutor.execute(DriverCommandExecutor.java:158)
at org.openqa.selenium.remote.RemoteWebDriver.execute(RemoteWebDriver.java:543)
at org.openqa.selenium.remote.ElementLocation$ElementFinder$2.findElement(ElementLocation.java:162)
at org.openqa.selenium.remote.ElementLocation.findElement(ElementLocation.java:60)
at org.openqa.selenium.remote.RemoteWebDriver.findElement(RemoteWebDriver.java:352)
at org.openqa.selenium.remote.RemoteWebDriver.findElement(RemoteWebDriver.java:344)
at org.openqa.selenium.support.pagefactory.DefaultElementLocator.findElement(DefaultElementLocator.java:70)
at org.openqa.selenium.support.pagefactory.internal.LocatingElementHandler.invoke(LocatingElementHandler.java:39)
at jdk.proxy2/jdk.proxy2.$Proxy13.click(Unknown Source)
at pages.AddToCartPage.addtocart(AddToCartPage.java:31)
at testCases.AddTocartTest.verifyaddtocart(AddTocartTest.java:36)
at java.base/jdk.internal.reflect.DirectMethodHandleAccessor.invoke(DirectMethodHandleAccessor.java:104)
at java.base/java.lang.reflect.Method.invoke(Method.java:577)
at org.testng.internal.invokers.MethodInvocationHelper.invokeMethod(MethodInvocationHelper.java:139)
at org.testng.internal.invokers.TestInvoker.invokeMethod(TestInvoker.java:664)
at org.testng.internal.invokers.TestInvoker.invokeTestMethod(TestInvoker.java:227)
at org.testng.internal.invokers.MethodRunner.runInSequence(MethodRunner.java:50)
at org.testng.internal.invokers.TestInvoker$MethodInvocationAgent.invoke(TestInvoker.java:957)
at org.testng.internal.invokers.TestInvoker.invokeTestMethods(TestInvoker.java:200)
at org.testng.internal.invokers.TestMethodWorker.invokeTestMethods(TestMethodWorker.java:148)
at org.testng.internal.invokers.TestMethodWorker.run(TestMethodWorker.java:128)
at java.base/java.util.ArrayList.forEach(ArrayList.java:1511)
at org.testng.TestRunner.privateRun(TestRunner.java:848)
at org.testng.TestRunner.run(TestRunner.java:621)
at org.testng.SuiteRunner.runTest(SuiteRunner.java:443)
at org.testng.SuiteRunner.runSequentially(SuiteRunner.java:437)
at org.testng.SuiteRunner.privateRun(SuiteRunner.java:397)
at org.testng.SuiteRunner.run(SuiteRunner.java:336)
at org.testng.SuiteRunnerWorker.runSuite(SuiteRunnerWorker.java:52)
at org.testng.SuiteRunnerWorker.run(SuiteRunnerWorker.java:95)
at org.testng.TestNG.runSuitesSequentially(TestNG.java:1280)
at org.testng.TestNG.runSuitesLocally(TestNG.java:1200)
at org.testng.TestNG.runSuites(TestNG.java:1114)
at org.testng.TestNG.run(TestNG.java:1082)
at org.apache.maven.surefire.testng.TestNGExecutor.run(TestNGExecutor.java:135)
at org.apache.maven.surefire.testng.TestNGDirectoryTestSuite.executeMulti(TestNGDirectoryTestSuite.java:193)
at org.apache.maven.surefire.testng.TestNGDirectoryTestSuite.execute(TestNGDirectoryTestSuite.java:94)
at org.apache.maven.surefire.testng.TestNGProvider.invoke(TestNGProvider.java:146)
at org.apache.maven.surefire.booter.ForkedBooter.invokeProviderInSameClassLoader(ForkedBooter.java:384)
at org.apache.maven.surefire.booter.ForkedBooter.runSuitesInProcess(ForkedBooter.java:345)
at org.apache.maven.surefire.booter.ForkedBooter.execute(ForkedBooter.java:126)
at org.apache.maven.surefire.booter.ForkedBooter.main(ForkedBooter.java:418)
]]>
            </full-stacktrace>
          </exception> <!-- org.openqa.selenium.NoSuchSessionException -->
          <reporter-output>
          </reporter-output>
        </test-method> <!-- verifyaddtocart -->
        <test-method is-config="true" signature="teardown()[pri:0, instance:testCases.AddTocartTest@6107227e]" started-at="2023-06-01T22:05:37 GMT-04:00" name="teardown" finished-at="2023-06-01T22:05:39 GMT-04:00" duration-ms="2311" status="PASS">
          <reporter-output>
          </reporter-output>
        </test-method> <!-- teardown -->
      </class> <!-- testCases.AddTocartTest -->
      <class name="testCases.LogoutTest">
        <test-method is-config="true" signature="init()[pri:0, instance:testCases.LogoutTest@7692d9cc]" started-at="2023-06-01T22:05:46 GMT-04:00" name="init" finished-at="2023-06-01T22:05:48 GMT-04:00" duration-ms="2740" status="PASS">
          <reporter-output>
          </reporter-output>
        </test-method> <!-- init -->
        <test-method signature="logout()[pri:0, instance:testCases.LogoutTest@7692d9cc]" started-at="2023-06-01T22:05:48 GMT-04:00" name="logout" finished-at="2023-06-01T22:05:49 GMT-04:00" duration-ms="504" status="PASS">
          <reporter-output>
          </reporter-output>
        </test-method> <!-- logout -->
        <test-method is-config="true" signature="teardown()[pri:0, instance:testCases.LogoutTest@7692d9cc]" started-at="2023-06-01T22:05:49 GMT-04:00" name="teardown" finished-at="2023-06-01T22:05:50 GMT-04:00" duration-ms="1320" status="PASS">
          <reporter-output>
          </reporter-output>
        </test-method> <!-- teardown -->
      </class> <!-- testCases.LogoutTest -->
      <class name="testCases.LoginTest">
        <test-method is-config="true" signature="init()[pri:0, instance:testCases.LoginTest@2a32de6c]" started-at="2023-06-01T22:05:39 GMT-04:00" name="init" finished-at="2023-06-01T22:05:41 GMT-04:00" duration-ms="2072" status="PASS">
          <reporter-output>
          </reporter-output>
        </test-method> <!-- init -->
        <test-method signature="verifyInValidLogin()[pri:0, instance:testCases.LoginTest@2a32de6c]" started-at="2023-06-01T22:05:41 GMT-04:00" name="verifyInValidLogin" finished-at="2023-06-01T22:05:42 GMT-04:00" duration-ms="617" status="PASS">
          <reporter-output>
          </reporter-output>
        </test-method> <!-- verifyInValidLogin -->
        <test-method is-config="true" signature="teardown()[pri:0, instance:testCases.LoginTest@2a32de6c]" started-at="2023-06-01T22:05:42 GMT-04:00" name="teardown" finished-at="2023-06-01T22:05:42 GMT-04:00" duration-ms="367" status="PASS">
          <reporter-output>
          </reporter-output>
        </test-method> <!-- teardown -->
        <test-method is-config="true" signature="init()[pri:0, instance:testCases.LoginTest@2a32de6c]" started-at="2023-06-01T22:05:42 GMT-04:00" name="init" finished-at="2023-06-01T22:05:44 GMT-04:00" duration-ms="2163" status="PASS">
          <reporter-output>
          </reporter-output>
        </test-method> <!-- init -->
        <test-method signature="verifyValidLogin()[pri:0, instance:testCases.LoginTest@2a32de6c]" started-at="2023-06-01T22:05:44 GMT-04:00" name="verifyValidLogin" finished-at="2023-06-01T22:05:45 GMT-04:00" duration-ms="956" status="PASS">
          <reporter-output>
          </reporter-output>
        </test-method> <!-- verifyValidLogin -->
        <test-method is-config="true" signature="teardown()[pri:0, instance:testCases.LoginTest@2a32de6c]" started-at="2023-06-01T22:05:45 GMT-04:00" name="teardown" finished-at="2023-06-01T22:05:46 GMT-04:00" duration-ms="289" status="PASS">
          <reporter-output>
          </reporter-output>
        </test-method> <!-- teardown -->
      </class> <!-- testCases.LoginTest -->
    </test> <!-- Surefire test -->
  </suite> <!-- Surefire suite -->
</testng-results>
